<?xml version="1.0" encoding="UTF-8"?>
<testng-results skipped="0" failed="0" total="1" passed="1">
  <reporter-output>
  </reporter-output>
  <suite name="Default suite" duration-ms="20914" started-at="2016-09-16T01:51:38Z" finished-at="2016-09-16T01:51:59Z">
    <groups>
    </groups>
    <test name="Default test" duration-ms="20914" started-at="2016-09-16T01:51:38Z" finished-at="2016-09-16T01:51:59Z">
      <class name="FirstTestNGPackage.TC_NBL_Login_1_TNG">
        <test-method status="PASS" signature="launchBrowser()[pri:0, instance:FirstTestNGPackage.TC_NBL_Login_1_TNG@674c9221]" name="launchBrowser" is-config="true" duration-ms="6898" started-at="2016-09-15T21:51:38Z" finished-at="2016-09-15T21:51:45Z">
          <reporter-output>
          </reporter-output>
        </test-method> <!-- launchBrowser -->
        <test-method status="PASS" signature="basicTest()[pri:1, instance:FirstTestNGPackage.TC_NBL_Login_1_TNG@674c9221]" name="basicTest" duration-ms="13980" started-at="2016-09-15T21:51:45Z" finished-at="2016-09-15T21:51:59Z">
          <reporter-output>
          </reporter-output>
        </test-method> <!-- basicTest -->
        <test-method status="PASS" signature="tearDown()[pri:0, instance:FirstTestNGPackage.TC_NBL_Login_1_TNG@674c9221]" name="tearDown" is-config="true" duration-ms="1" started-at="2016-09-15T21:51:59Z" finished-at="2016-09-15T21:51:59Z">
          <reporter-output>
          </reporter-output>
        </test-method> <!-- tearDown -->
      </class> <!-- FirstTestNGPackage.TC_NBL_Login_1_TNG -->
    </test> <!-- Default test -->
  </suite> <!-- Default suite -->
</testng-results>
